\BOOKMARK [1][-]{section.1}{Introduction}{}% 1
\BOOKMARK [1][-]{section.2}{Model\040and\040localization\040landscape}{}% 2
\BOOKMARK [2][-]{subsection.2.1}{Model}{section.2}% 3
\BOOKMARK [2][-]{subsection.2.2}{Localization\040landscape\040and\040the\040Filoche-Mayboroda\040inequality}{section.2}% 4
\BOOKMARK [2][-]{subsection.2.3}{Valley\040lines}{section.2}% 5
\BOOKMARK [1][-]{section.3}{Limit\040behavior}{}% 6
\BOOKMARK [1][-]{section.4}{Probility\040of\040localization\040to\040the\040boundary}{}% 7
\BOOKMARK [2][-]{subsection.4.1}{Localization\040to\040the\040boundary}{section.4}% 8
\BOOKMARK [2][-]{subsection.4.2}{Extended\040subdomains}{section.4}% 9
\BOOKMARK [2][-]{subsection.4.3}{A\040theoretical\040result\040for\040one-dimensional\040problems}{section.4}% 10
\BOOKMARK [1][-]{section.5}{Multimodality}{}% 11
\BOOKMARK [1][-]{section.6}{Phase\040transition}{}% 12
\BOOKMARK [2][-]{subsection.6.1}{Model\040of\040the\040phase\040transition}{section.6}% 13
\BOOKMARK [2][-]{subsection.6.2}{System\040decomposition}{section.6}% 14
\BOOKMARK [2][-]{subsection.6.3}{Eigenvalue\040of\040the\040subsystems}{section.6}% 15
\BOOKMARK [1][-]{Appendix.a.A}{Appendix\040Proof\040of\040the\040Filochea-Mayboroda\040inequality}{}% 16
\BOOKMARK [1][-]{Appendix.a.B}{Appendix\040Geometry\040distribution\040approximation}{}% 17
\BOOKMARK [2][-]{subsection.a.B.1}{Callculation\040of\040=\(15\)}{Appendix.a.B}% 18
\BOOKMARK [2][-]{subsection.a.B.2}{Calculation\040of\040=\(16\)}{Appendix.a.B}% 19
\BOOKMARK [2][-]{subsection.a.B.3}{Calculation\040of\040=\(17\)}{Appendix.a.B}% 20
\BOOKMARK [1][-]{Appendix.a.C}{Appendix\040Calculation\040of\040=\(21\)\040and\040=\(22\)}{}% 21
\BOOKMARK [2][-]{subsection.a.C.1}{subsystem\040on\040W1}{Appendix.a.C}% 22
\BOOKMARK [2][-]{subsection.a.C.2}{subsystem\040on\040W2}{Appendix.a.C}% 23
