\BOOKMARK [1][-]{section.1}{Introduction}{}% 1
\BOOKMARK [1][-]{section.2}{Localization\040landscape\040and\040limit\040behavior}{}% 2
\BOOKMARK [2][-]{subsection.2.1}{Model}{section.2}% 3
\BOOKMARK [2][-]{subsection.2.2}{Localization\040landscape}{section.2}% 4
\BOOKMARK [2][-]{subsection.2.3}{Valley\040lines}{section.2}% 5
\BOOKMARK [2][-]{subsection.2.4}{Limit\040behavior\040for\040large\040K}{section.2}% 6
\BOOKMARK [1][-]{section.3}{Boundary\040effect}{}% 7
\BOOKMARK [2][-]{subsection.3.1}{Localization\040on\040the\040boundary}{section.3}% 8
\BOOKMARK [2][-]{subsection.3.2}{An\040explanation\040of\040the\040boundary\040effect}{section.3}% 9
\BOOKMARK [2][-]{subsection.3.3}{Dependence\040of\040the\040boundary\040probabilities\040on\040p}{section.3}% 10
\BOOKMARK [1][-]{section.4}{Multimodality}{}% 11
\BOOKMARK [1][-]{section.5}{Phase\040transition}{}% 12
\BOOKMARK [2][-]{subsection.5.1}{Phase\040transition\040of\040localization\040subregions}{section.5}% 13
\BOOKMARK [2][-]{subsection.5.2}{Computation\040of\040the\040critical\040threshold}{section.5}% 14
\BOOKMARK [2][-]{subsection.5.3}{Dependence\040of\040the\040critical\040threshold\040on\040model\040parameters}{section.5}% 15
\BOOKMARK [1][-]{section.6}{Conclusions\040and\040discussion}{}% 16
\BOOKMARK [1][-]{Appendix.a.A}{Proof\040of\040the\040Filochea-Mayboroda\040inequality}{}% 17
\BOOKMARK [1][-]{Appendix.a.B}{Equivalent\040system\040in\040the\040extended\040subregion}{}% 18
\BOOKMARK [1][-]{Appendix.a.C}{Boundary\040effect\040and\040multimodality}{}% 19
\BOOKMARK [2][-]{subsection.a.C.1}{Calculation\040of\040boundary\040probability\040for\040the\040Neumann\040boundary\040condition}{Appendix.a.C}% 20
\BOOKMARK [2][-]{subsection.a.C.2}{Calculation\040of\040the\040multimodal\040probability\040for\040the\040Dirichlet\040boundary\040condition}{Appendix.a.C}% 21
\BOOKMARK [2][-]{subsection.a.C.3}{Calculation\040of\040the\040multimodal\040probability\040for\040the\040Neumann\040boundary\040condition}{Appendix.a.C}% 22
\BOOKMARK [1][-]{Appendix.a.D}{Critical\040threshold\040of\040phase\040transition}{}% 23
\BOOKMARK [2][-]{subsection.a.D.1}{Eigenvalues\040of\040the\040subsystem\0401}{Appendix.a.D}% 24
\BOOKMARK [2][-]{subsection.a.D.2}{Eigenvalues\040of\040the\040subsystem\0402}{Appendix.a.D}% 25
