\BOOKMARK [1][-]{section.1}{\376\377\164\006\213\272\213\364\146\016}{}% 1
\BOOKMARK [2][-]{subsection.1.1}{\376\377\225\356\230\230\116\313\176\315}{section.1}% 2
\BOOKMARK [2][-]{subsection.1.2}{\376\377\000l\000a\000n\000d\000s\000c\000a\000p\000e}{section.1}% 3
\BOOKMARK [2][-]{subsection.1.3}{\376\377\121\161\143\057\163\260\214\141}{section.1}% 4
\BOOKMARK [2][-]{subsection.1.4}{\376\377\162\171\137\201\121\375\145\160\166\204\116\013\165\114}{section.1}% 5
\BOOKMARK [2][-]{subsection.1.5}{\376\377\000K\137\210\131\047\145\366\166\204\147\201\226\120\140\047\140\001}{section.1}% 6
\BOOKMARK [2][-]{subsection.1.6}{\376\377\145\160\120\074\152\041\142\337\145\271\154\325}{section.1}% 7
\BOOKMARK [1][-]{section.2}{\376\377\000v\000a\000l\000l\000e\000y\000\040\000l\000i\000n\000e\000\040\166\370\121\163\133\236\232\214}{}% 8
\BOOKMARK [2][-]{subsection.2.1}{\376\377\000v\000a\000l\000l\000e\000y\000\040\000l\000i\000n\000e\000\040\124\214\000\040\000e\000f\000f\000e\000c\000t\000i\000v\000e\000\040\000v\000a\000l\000l\000e\000y\000\040\000l\000i\000n\000e}{section.2}% 9
\BOOKMARK [2][-]{subsection.2.2}{\376\377\133\120\123\072\127\337\122\022\122\006}{section.2}% 10
\BOOKMARK [1][-]{section.3}{\376\377\217\271\165\114\147\141\116\366\166\204\137\161\124\315}{}% 11
\BOOKMARK [2][-]{subsection.3.1}{\376\377\232\214\213\301\217\271\165\114\147\141\116\366\166\204\137\161\124\315}{section.3}% 12
\BOOKMARK [2][-]{subsection.3.2}{\376\377\217\271\165\114\147\141\116\366\133\371\000l\000a\000n\000d\000s\000c\000a\000p\000e\166\204\137\161\124\315}{section.3}% 13
\BOOKMARK [2][-]{subsection.3.3}{\376\377\217\271\165\114\147\141\116\366\133\371\000e\000i\000g\000e\000n\000m\000o\000d\000e\166\204\137\161\124\315}{section.3}% 14
\BOOKMARK [2][-]{subsection.3.4}{\376\377\217\271\165\114\147\141\116\366\133\371\162\171\137\201\120\074\166\204\137\161\124\315}{section.3}% 15
\BOOKMARK [1][-]{section.4}{\376\377\122\277\121\375\145\160\166\204\137\161\124\315}{}% 16
\BOOKMARK [2][-]{subsection.4.1}{\376\377\127\107\123\000\122\006\136\003\166\204\122\277\121\375\145\160}{section.4}% 17
\BOOKMARK [2][-]{subsection.4.2}{\376\377\000B\000e\000r\000n\000o\000u\000l\000l\000i\122\006\136\003\166\204\122\277\121\375\145\160}{section.4}% 18
\BOOKMARK [1][-]{section.5}{\376\377\147\000\117\030\123\302\145\160\166\204\220\011\123\326}{}% 19
\BOOKMARK [2][-]{subsection.5.1}{\376\377\166\204\220\011\123\326}{section.5}% 20
\BOOKMARK [1][-]{section.6}{\376\377\134\360\120\074\117\115\177\156\133\232\117\115}{}% 21
