\BOOKMARK [1][-]{section.1}{Introduction}{}% 1
\BOOKMARK [1][-]{section.2}{Model\040and\040localization\040landscape}{}% 2
\BOOKMARK [2][-]{subsection.2.1}{Model}{section.2}% 3
\BOOKMARK [2][-]{subsection.2.2}{Localization\040landscape\040and\040the\040Filoche-Mayboroda\040inequality}{section.2}% 4
\BOOKMARK [2][-]{subsection.2.3}{Valley\040lines}{section.2}% 5
\BOOKMARK [2][-]{subsection.2.4}{Limit\040behavior}{section.2}% 6
\BOOKMARK [1][-]{section.3}{Probability\040of\040localization\040to\040the\040boundary}{}% 7
\BOOKMARK [2][-]{subsection.3.1}{Localization\040to\040the\040boundary}{section.3}% 8
\BOOKMARK [2][-]{subsection.3.2}{The\040tendency\040of\040boundary\040localization}{section.3}% 9
\BOOKMARK [2][-]{subsection.3.3}{A\040theoretical\040result\040for\040the\040one-dimensional\040case}{section.3}% 10
\BOOKMARK [1][-]{section.4}{Multimodality}{}% 11
\BOOKMARK [1][-]{section.5}{Phase\040transition}{}% 12
\BOOKMARK [2][-]{subsection.5.1}{Model\040of\040phase\040transition}{section.5}% 13
\BOOKMARK [2][-]{subsection.5.2}{Determination\040of\040the\040critical\040threshold\040and\040critical\040eigenvalue}{section.5}% 14
\BOOKMARK [2][-]{subsection.5.3}{Key\040factors\040in\040phase\040transition}{section.5}% 15
\BOOKMARK [1][-]{section.6}{Conclusion}{}% 16
\BOOKMARK [1][-]{Appendix.a.A}{Appendix\040Proof\040of\040the\040Filochea-Mayboroda\040inequality}{}% 17
\BOOKMARK [1][-]{Appendix.a.B}{Appendix\040Proof\040of\040the\040extended\040subdomain}{}% 18
\BOOKMARK [1][-]{Appendix.a.C}{Appendix\040Geometry\040distribution\040approximation}{}% 19
\BOOKMARK [2][-]{subsection.a.C.1}{Calculation\040of\040=\(16\)}{Appendix.a.C}% 20
\BOOKMARK [2][-]{subsection.a.C.2}{Calculation\040of\040=\(17\)}{Appendix.a.C}% 21
\BOOKMARK [2][-]{subsection.a.C.3}{Calculation\040of\040=\(18\)}{Appendix.a.C}% 22
\BOOKMARK [1][-]{Appendix.a.D}{Appendix\040Calculation\040of\040=\(23\)\040and\040=\(24\)}{}% 23
\BOOKMARK [2][-]{subsection.a.D.1}{subsystem\040on\040W1}{Appendix.a.D}% 24
\BOOKMARK [2][-]{subsection.a.D.2}{subsystem\040on\040W2}{Appendix.a.D}% 25
